# JRE version: OpenJDK Runtime Environment (17.0.10) (build 17.0.10+0--11609105)
# Java VM: OpenJDK 64-Bit Server VM (17.0.10+0--11609105, mixed mode, tiered, compressed oops, compressed class ptrs, g1 gc, windows-amd64)
GC Precious Log:
 CPUs: 12 total, 12 available
 Memory: 7971M
 Large Page Support: Disabled
 NUMA Support: Disabled
 Compressed Oops: Enabled (32-bit)
 Heap Region Size: 1M
 Heap Min Capacity: 8M
 Heap Initial Capacity: 126M
 Heap Max Capacity: 2G
 Pre-touch: Disabled
 Parallel Workers: 10
 Concurrent Workers: 3
 Concurrent Refinement Workers: 10
 Periodic GC: Disabled
Heap:
 garbage-first heap   total 368640K, used 191773K [0x0000000080000000, 0x0000000100000000)
  region size 1024K, 10 young (10240K), 8 survivors (8192K)
 Metaspace       used 153153K, committed 153984K, reserved 1245184K
  class space    used 19711K, committed 20096K, reserved 1048576K
GC Heap History (20 events):
Event: 29.123 GC heap before
{Heap before GC invocations=30 (full 0):
 garbage-first heap   total 184320K, used 91398K [0x0000000080000000, 0x0000000100000000)
  region size 1024K, 11 young (11264K), 10 survivors (10240K)
 Metaspace       used 90008K, committed 90752K, reserved 1179648K
  class space    used 12475K, committed 12800K, reserved 1048576K
}
Event: 29.129 GC heap after
{Heap after GC invocations=31 (full 0):
 garbage-first heap   total 184320K, used 90572K [0x0000000080000000, 0x0000000100000000)
  region size 1024K, 2 young (2048K), 2 survivors (2048K)
 Metaspace       used 90008K, committed 90752K, reserved 1179648K
  class space    used 12475K, committed 12800K, reserved 1048576K
}
Event: 29.803 GC heap before
{Heap before GC invocations=31 (full 0):
 garbage-first heap   total 184320K, used 155084K [0x0000000080000000, 0x0000000100000000)
  region size 1024K, 58 young (59392K), 2 survivors (2048K)
 Metaspace       used 96401K, committed 97152K, reserved 1179648K
  class space    used 13092K, committed 13440K, reserved 1048576K
}
Event: 29.806 GC heap after
{Heap after GC invocations=32 (full 0):
 garbage-first heap   total 184320K, used 101040K [0x0000000080000000, 0x0000000100000000)
  region size 1024K, 5 young (5120K), 5 survivors (5120K)
 Metaspace       used 96401K, committed 97152K, reserved 1179648K
  class space    used 13092K, committed 13440K, reserved 1048576K
}
Event: 30.822 GC heap before
{Heap before GC invocations=33 (full 0):
 garbage-first heap   total 184320K, used 151216K [0x0000000080000000, 0x0000000100000000)
  region size 1024K, 54 young (55296K), 5 survivors (5120K)
 Metaspace       used 102172K, committed 102912K, reserved 1179648K
  class space    used 13804K, committed 14144K, reserved 1048576K
}
Event: 30.826 GC heap after
{Heap after GC invocations=34 (full 0):
 garbage-first heap   total 184320K, used 102968K [0x0000000080000000, 0x0000000100000000)
  region size 1024K, 2 young (2048K), 2 survivors (2048K)
 Metaspace       used 102172K, committed 102912K, reserved 1179648K
  class space    used 13804K, committed 14144K, reserved 1048576K
}
Event: 30.929 GC heap before
{Heap before GC invocations=34 (full 0):
 garbage-first heap   total 184320K, used 110136K [0x0000000080000000, 0x0000000100000000)
  region size 1024K, 9 young (9216K), 2 survivors (2048K)
 Metaspace       used 103117K, committed 103808K, reserved 1179648K
  class space    used 13904K, committed 14208K, reserved 1048576K
}
Event: 30.932 GC heap after
{Heap after GC invocations=35 (full 0):
 garbage-first heap   total 184320K, used 102529K [0x0000000080000000, 0x0000000100000000)
  region size 1024K, 1 young (1024K), 1 survivors (1024K)
 Metaspace       used 103117K, committed 103808K, reserved 1179648K
  class space    used 13904K, committed 14208K, reserved 1048576K
}
Event: 31.583 GC heap before
{Heap before GC invocations=35 (full 0):
 garbage-first heap   total 184320K, used 153729K [0x0000000080000000, 0x0000000100000000)
  region size 1024K, 50 young (51200K), 1 survivors (1024K)
 Metaspace       used 107192K, committed 107904K, reserved 1179648K
  class space    used 14434K, committed 14784K, reserved 1048576K
}
Event: 31.588 GC heap after
{Heap after GC invocations=36 (full 0):
 garbage-first heap   total 368640K, used 104951K [0x0000000080000000, 0x0000000100000000)
  region size 1024K, 3 young (3072K), 3 survivors (3072K)
 Metaspace       used 107192K, committed 107904K, reserved 1179648K
  class space    used 14434K, committed 14784K, reserved 1048576K
}
Event: 35.535 GC heap before
{Heap before GC invocations=36 (full 0):
 garbage-first heap   total 368640K, used 272887K [0x0000000080000000, 0x0000000100000000)
  region size 1024K, 168 young (172032K), 3 survivors (3072K)
 Metaspace       used 125733K, committed 126464K, reserved 1179648K
  class space    used 16388K, committed 16704K, reserved 1048576K
}
Event: 35.545 GC heap after
{Heap after GC invocations=37 (full 0):
 garbage-first heap   total 368640K, used 112690K [0x0000000080000000, 0x0000000100000000)
  region size 1024K, 11 young (11264K), 11 survivors (11264K)
 Metaspace       used 125733K, committed 126464K, reserved 1179648K
  class space    used 16388K, committed 16704K, reserved 1048576K
}
Event: 42.260 GC heap before
{Heap before GC invocations=37 (full 0):
 garbage-first heap   total 368640K, used 301106K [0x0000000080000000, 0x0000000100000000)
  region size 1024K, 186 young (190464K), 11 survivors (11264K)
 Metaspace       used 130579K, committed 131328K, reserved 1179648K
  class space    used 16913K, committed 17216K, reserved 1048576K
}
Event: 42.284 GC heap after
{Heap after GC invocations=38 (full 0):
 garbage-first heap   total 368640K, used 134123K [0x0000000080000000, 0x0000000100000000)
  region size 1024K, 24 young (24576K), 24 survivors (24576K)
 Metaspace       used 130579K, committed 131328K, reserved 1179648K
  class space    used 16913K, committed 17216K, reserved 1048576K
}
Event: 44.013 GC heap before
{Heap before GC invocations=38 (full 0):
 garbage-first heap   total 368640K, used 306155K [0x0000000080000000, 0x0000000100000000)
  region size 1024K, 174 young (178176K), 24 survivors (24576K)
 Metaspace       used 136096K, committed 136896K, reserved 1179648K
  class space    used 17504K, committed 17856K, reserved 1048576K
}
Event: 44.040 GC heap after
{Heap after GC invocations=39 (full 0):
 garbage-first heap   total 368640K, used 168316K [0x0000000080000000, 0x0000000100000000)
  region size 1024K, 20 young (20480K), 20 survivors (20480K)
 Metaspace       used 136096K, committed 136896K, reserved 1179648K
  class space    used 17504K, committed 17856K, reserved 1048576K
}
Event: 46.739 GC heap before
{Heap before GC invocations=39 (full 0):
 garbage-first heap   total 368640K, used 302460K [0x0000000080000000, 0x0000000100000000)
  region size 1024K, 142 young (145408K), 20 survivors (20480K)
 Metaspace       used 146593K, committed 147456K, reserved 1179648K
  class space    used 18949K, committed 19328K, reserved 1048576K
}
Event: 46.751 GC heap after
{Heap after GC invocations=40 (full 0):
 garbage-first heap   total 368640K, used 183005K [0x0000000080000000, 0x0000000100000000)
  region size 1024K, 10 young (10240K), 10 survivors (10240K)
 Metaspace       used 146593K, committed 147456K, reserved 1179648K
  class space    used 18949K, committed 19328K, reserved 1048576K
}
Event: 49.400 GC heap before
{Heap before GC invocations=40 (full 0):
 garbage-first heap   total 368640K, used 299741K [0x0000000080000000, 0x0000000100000000)
  region size 1024K, 123 young (125952K), 10 survivors (10240K)
 Metaspace       used 152513K, committed 153344K, reserved 1245184K
  class space    used 19660K, committed 20032K, reserved 1048576K
}
Event: 49.410 GC heap after
{Heap after GC invocations=41 (full 0):
 garbage-first heap   total 368640K, used 188326K [0x0000000080000000, 0x0000000100000000)
  region size 1024K, 6 young (6144K), 6 survivors (6144K)
 Metaspace       used 152513K, committed 153344K, reserved 1245184K
  class space    used 19660K, committed 20032K, reserved 1048576K
}

