# JRE version: OpenJDK Runtime Environment (17.0.10) (build 17.0.10+0--11609105)
# Java VM: OpenJDK 64-Bit Server VM (17.0.10+0--11609105, mixed mode, tiered, compressed oops, compressed class ptrs, g1 gc, windows-amd64)
GC Precious Log:
 CPUs: 12 total, 12 available
 Memory: 7971M
 Large Page Support: Disabled
 NUMA Support: Disabled
 Compressed Oops: Enabled (32-bit)
 Heap Region Size: 1M
 Heap Min Capacity: 8M
 Heap Initial Capacity: 126M
 Heap Max Capacity: 2G
 Pre-touch: Disabled
 Parallel Workers: 10
 Concurrent Workers: 3
 Concurrent Refinement Workers: 10
 Periodic GC: Disabled
Heap:
 garbage-first heap   total 348160K, used 211763K [0x0000000080000000, 0x0000000100000000)
  region size 1024K, 36 young (36864K), 7 survivors (7168K)
 Metaspace       used 153235K, committed 154048K, reserved 1245184K
  class space    used 19731K, committed 20096K, reserved 1048576K
GC Heap History (20 events):
Event: 42.264 GC heap before
{Heap before GC invocations=58 (full 0):
 garbage-first heap   total 331776K, used 246395K [0x0000000080000000, 0x0000000100000000)
  region size 1024K, 97 young (99328K), 2 survivors (2048K)
 Metaspace       used 133264K, committed 134080K, reserved 1179648K
  class space    used 17154K, committed 17536K, reserved 1048576K
}
Event: 42.283 GC heap after
{Heap after GC invocations=59 (full 0):
 garbage-first heap   total 331776K, used 160309K [0x0000000080000000, 0x0000000100000000)
  region size 1024K, 13 young (13312K), 13 survivors (13312K)
 Metaspace       used 133264K, committed 134080K, reserved 1179648K
  class space    used 17154K, committed 17536K, reserved 1048576K
}
Event: 42.502 GC heap before
{Heap before GC invocations=59 (full 0):
 garbage-first heap   total 331776K, used 168501K [0x0000000080000000, 0x0000000100000000)
  region size 1024K, 22 young (22528K), 13 survivors (13312K)
 Metaspace       used 133788K, committed 134528K, reserved 1179648K
  class space    used 17248K, committed 17600K, reserved 1048576K
}
Event: 42.509 GC heap after
{Heap after GC invocations=60 (full 0):
 garbage-first heap   total 331776K, used 163018K [0x0000000080000000, 0x0000000100000000)
  region size 1024K, 3 young (3072K), 3 survivors (3072K)
 Metaspace       used 133788K, committed 134528K, reserved 1179648K
  class space    used 17248K, committed 17600K, reserved 1048576K
}
Event: 43.691 GC heap before
{Heap before GC invocations=61 (full 0):
 garbage-first heap   total 331776K, used 226506K [0x0000000080000000, 0x0000000100000000)
  region size 1024K, 62 young (63488K), 3 survivors (3072K)
 Metaspace       used 138775K, committed 139520K, reserved 1179648K
  class space    used 17821K, committed 18176K, reserved 1048576K
}
Event: 43.695 GC heap after
{Heap after GC invocations=62 (full 0):
 garbage-first heap   total 331776K, used 167681K [0x0000000080000000, 0x0000000100000000)
  region size 1024K, 6 young (6144K), 6 survivors (6144K)
 Metaspace       used 138775K, committed 139520K, reserved 1179648K
  class space    used 17821K, committed 18176K, reserved 1048576K
}
Event: 43.922 GC heap before
{Heap before GC invocations=62 (full 0):
 garbage-first heap   total 331776K, used 176897K [0x0000000080000000, 0x0000000100000000)
  region size 1024K, 16 young (16384K), 6 survivors (6144K)
 Metaspace       used 139580K, committed 140352K, reserved 1179648K
  class space    used 17937K, committed 18304K, reserved 1048576K
}
Event: 43.927 GC heap after
{Heap after GC invocations=63 (full 0):
 garbage-first heap   total 331776K, used 165158K [0x0000000080000000, 0x0000000100000000)
  region size 1024K, 1 young (1024K), 1 survivors (1024K)
 Metaspace       used 139580K, committed 140352K, reserved 1179648K
  class space    used 17937K, committed 18304K, reserved 1048576K
}
Event: 45.211 GC heap before
{Heap before GC invocations=63 (full 0):
 garbage-first heap   total 331776K, used 237862K [0x0000000080000000, 0x0000000100000000)
  region size 1024K, 67 young (68608K), 1 survivors (1024K)
 Metaspace       used 144904K, committed 145728K, reserved 1179648K
  class space    used 18683K, committed 19072K, reserved 1048576K
}
Event: 45.217 GC heap after
{Heap after GC invocations=64 (full 0):
 garbage-first heap   total 331776K, used 171607K [0x0000000080000000, 0x0000000100000000)
  region size 1024K, 6 young (6144K), 6 survivors (6144K)
 Metaspace       used 144904K, committed 145728K, reserved 1179648K
  class space    used 18683K, committed 19072K, reserved 1048576K
}
Event: 46.105 GC heap before
{Heap before GC invocations=64 (full 0):
 garbage-first heap   total 331776K, used 201303K [0x0000000080000000, 0x0000000100000000)
  region size 1024K, 36 young (36864K), 6 survivors (6144K)
 Metaspace       used 147796K, committed 148544K, reserved 1179648K
  class space    used 19064K, committed 19392K, reserved 1048576K
}
Event: 46.111 GC heap after
{Heap after GC invocations=65 (full 0):
 garbage-first heap   total 331776K, used 173336K [0x0000000080000000, 0x0000000100000000)
  region size 1024K, 2 young (2048K), 2 survivors (2048K)
 Metaspace       used 147796K, committed 148544K, reserved 1179648K
  class space    used 19064K, committed 19392K, reserved 1048576K
}
Event: 48.513 GC heap before
{Heap before GC invocations=66 (full 0):
 garbage-first heap   total 331776K, used 252184K [0x0000000080000000, 0x0000000100000000)
  region size 1024K, 75 young (76800K), 2 survivors (2048K)
 Metaspace       used 152259K, committed 153088K, reserved 1245184K
  class space    used 19667K, committed 20032K, reserved 1048576K
}
Event: 48.519 GC heap after
{Heap after GC invocations=67 (full 0):
 garbage-first heap   total 331776K, used 180559K [0x0000000080000000, 0x0000000100000000)
  region size 1024K, 6 young (6144K), 6 survivors (6144K)
 Metaspace       used 152259K, committed 153088K, reserved 1245184K
  class space    used 19667K, committed 20032K, reserved 1048576K
}
Event: 48.691 GC heap before
{Heap before GC invocations=67 (full 0):
 garbage-first heap   total 331776K, used 190799K [0x0000000080000000, 0x0000000100000000)
  region size 1024K, 16 young (16384K), 6 survivors (6144K)
 Metaspace       used 152580K, committed 153344K, reserved 1245184K
  class space    used 19700K, committed 20032K, reserved 1048576K
}
Event: 48.695 GC heap after
{Heap after GC invocations=68 (full 0):
 garbage-first heap   total 331776K, used 176277K [0x0000000080000000, 0x0000000100000000)
  region size 1024K, 1 young (1024K), 1 survivors (1024K)
 Metaspace       used 152580K, committed 153344K, reserved 1245184K
  class space    used 19700K, committed 20032K, reserved 1048576K
}
Event: 50.923 GC heap before
{Heap before GC invocations=68 (full 0):
 garbage-first heap   total 331776K, used 254101K [0x0000000080000000, 0x0000000100000000)
  region size 1024K, 77 young (78848K), 1 survivors (1024K)
 Metaspace       used 152857K, committed 153600K, reserved 1245184K
  class space    used 19705K, committed 20032K, reserved 1048576K
}
Event: 50.926 GC heap after
{Heap after GC invocations=69 (full 0):
 garbage-first heap   total 331776K, used 177964K [0x0000000080000000, 0x0000000100000000)
  region size 1024K, 3 young (3072K), 3 survivors (3072K)
 Metaspace       used 152857K, committed 153600K, reserved 1245184K
  class space    used 19705K, committed 20032K, reserved 1048576K
}
Event: 53.344 GC heap before
{Heap before GC invocations=69 (full 0):
 garbage-first heap   total 331776K, used 253740K [0x0000000080000000, 0x0000000100000000)
  region size 1024K, 78 young (79872K), 3 survivors (3072K)
 Metaspace       used 153108K, committed 153920K, reserved 1245184K
  class space    used 19724K, committed 20096K, reserved 1048576K
}
Event: 53.350 GC heap after
{Heap after GC invocations=70 (full 0):
 garbage-first heap   total 331776K, used 182067K [0x0000000080000000, 0x0000000100000000)
  region size 1024K, 7 young (7168K), 7 survivors (7168K)
 Metaspace       used 153108K, committed 153920K, reserved 1245184K
  class space    used 19724K, committed 20096K, reserved 1048576K
}

